Base path: D:/develop/tools/Unity/Editor/Data
Pipe name: \\.\pipe\UnityShaderCompiler-64bit-2-2620
Cmd: getPlatforms
Cmd: compileSnippet
  api=1 type=0 insize=9466 outsize=1282 kw=DIRECTIONAL SHADOWS_SCREEN LIGHTMAP_OFF DIRLIGHTMAP_OFF DYNAMICLIGHTMAP_OFF ok=1
Cmd: compileSnippet
  api=0 type=0 insize=9466 outsize=6773 kw=DIRECTIONAL SHADOWS_OFF LIGHTMAP_OFF DIRLIGHTMAP_OFF DYNAMICLIGHTMAP_OFF VERTEXLIGHT_ON ok=1
Cmd: compileSnippet
  api=4 type=0 insize=9466 outsize=7051 kw=DIRECTIONAL SHADOWS_SCREEN LIGHTMAP_OFF DIRLIGHTMAP_OFF DYNAMICLIGHTMAP_OFF VERTEXLIGHT_ON ok=1
Cmd: compileSnippet
  api=1 type=1 insize=9466 outsize=1663 kw=DIRECTIONAL SHADOWS_OFF LIGHTMAP_OFF DIRLIGHTMAP_OFF DYNAMICLIGHTMAP_OFF ok=1
Cmd: compileSnippet
  api=1 type=0 insize=6707 outsize=899 kw=DIRECTIONAL ok=1
Cmd: compileSnippet
  api=1 type=0 insize=6707 outsize=899 kw=SPOT ok=1
Cmd: compileSnippet
  api=4 type=0 insize=6707 outsize=4191 kw=SPOT ok=1
Cmd: compileSnippet
  api=0 type=0 insize=6707 outsize=5270 kw=POINT_COOKIE ok=1
Cmd: compileSnippet
  api=1 type=1 insize=6707 outsize=1846 kw=POINT ok=1
Cmd: compileSnippet
  api=1 type=1 insize=6707 outsize=1994 kw=SPOT ok=1
Cmd: compileSnippet
  api=4 type=1 insize=6707 outsize=5735 kw=DIRECTIONAL_COOKIE ok=1
Cmd: compileSnippet
  api=0 type=0 insize=8646 outsize=5283 kw=DIRECTIONAL SHADOWS_SCREEN LIGHTMAP_OFF DIRLIGHTMAP_OFF DYNAMICLIGHTMAP_OFF ok=1
Cmd: compileSnippet
  api=1 type=0 insize=8646 outsize=1791 kw=DIRECTIONAL SHADOWS_SCREEN LIGHTMAP_OFF DIRLIGHTMAP_OFF DYNAMICLIGHTMAP_OFF VERTEXLIGHT_ON ok=1
Cmd: compileSnippet
  api=1 type=1 insize=8646 outsize=1006 kw=DIRECTIONAL SHADOWS_OFF LIGHTMAP_OFF DIRLIGHTMAP_OFF DYNAMICLIGHTMAP_OFF ok=1
Cmd: compileSnippet
  api=1 type=0 insize=5899 outsize=868 kw=DIRECTIONAL ok=1
Cmd: compileSnippet
  api=0 type=0 insize=5899 outsize=3917 kw=SPOT ok=1
Cmd: compileSnippet
  api=1 type=0 insize=5899 outsize=868 kw=DIRECTIONAL_COOKIE ok=1
Cmd: compileSnippet
  api=1 type=1 insize=5899 outsize=953 kw=DIRECTIONAL ok=1
Cmd: compileSnippet
  api=0 type=1 insize=5899 outsize=6 kw=POINT_COOKIE ok=1
Cmd: compileSnippet
  api=1 type=1 insize=5899 outsize=953 kw=DIRECTIONAL_COOKIE ok=1
Cmd: compileSnippet
  api=0 type=0 insize=9813 outsize=7824 kw=DIRECTIONAL SHADOWS_SCREEN LIGHTMAP_OFF DIRLIGHTMAP_OFF DYNAMICLIGHTMAP_OFF ok=1
Cmd: compileSnippet
  api=4 type=0 insize=9813 outsize=6799 kw=DIRECTIONAL SHADOWS_SCREEN LIGHTMAP_OFF DIRLIGHTMAP_OFF DYNAMICLIGHTMAP_OFF VERTEXLIGHT_ON ok=1
Cmd: compileSnippet
  api=1 type=1 insize=9813 outsize=3863 kw=DIRECTIONAL SHADOWS_SCREEN LIGHTMAP_OFF DIRLIGHTMAP_OFF DYNAMICLIGHTMAP_OFF ok=1
Cmd: compileSnippet
  api=0 type=0 insize=7108 outsize=6427 kw=DIRECTIONAL ok=1
Cmd: compileSnippet
  api=1 type=0 insize=7108 outsize=819 kw=POINT_COOKIE ok=1
Cmd: compileSnippet
  api=0 type=0 insize=7108 outsize=6427 kw=DIRECTIONAL_COOKIE ok=1
Cmd: compileSnippet
  api=1 type=1 insize=7108 outsize=3810 kw=DIRECTIONAL ok=1
Cmd: compileSnippet
  api=4 type=1 insize=7108 outsize=9358 kw=POINT_COOKIE ok=1
Cmd: compileSnippet
  api=1 type=0 insize=9402 outsize=1053 kw=DIRECTIONAL SHADOWS_OFF LIGHTMAP_OFF DIRLIGHTMAP_OFF DYNAMICLIGHTMAP_OFF ok=1
Cmd: compileSnippet
  api=1 type=0 insize=9402 outsize=1593 kw=DIRECTIONAL SHADOWS_OFF LIGHTMAP_OFF DIRLIGHTMAP_OFF DYNAMICLIGHTMAP_OFF VERTEXLIGHT_ON ok=1
Cmd: compileSnippet
  api=4 type=0 insize=9402 outsize=6409 kw=DIRECTIONAL SHADOWS_OFF LIGHTMAP_OFF DIRLIGHTMAP_OFF DYNAMICLIGHTMAP_OFF VERTEXLIGHT_ON ok=1
Cmd: compileSnippet
  api=0 type=0 insize=9402 outsize=8396 kw=DIRECTIONAL SHADOWS_SCREEN LIGHTMAP_OFF DIRLIGHTMAP_OFF DYNAMICLIGHTMAP_OFF VERTEXLIGHT_ON ok=1
Cmd: compileSnippet
  api=1 type=1 insize=9402 outsize=3796 kw=DIRECTIONAL SHADOWS_OFF LIGHTMAP_OFF DIRLIGHTMAP_OFF DYNAMICLIGHTMAP_OFF ok=1
Cmd: compileSnippet
  api=1 type=0 insize=6697 outsize=819 kw=POINT ok=1
Cmd: compileSnippet
  api=0 type=0 insize=6697 outsize=6160 kw=SPOT ok=1
Cmd: compileSnippet
  api=1 type=0 insize=6697 outsize=819 kw=DIRECTIONAL_COOKIE ok=1
Cmd: compileSnippet
  api=4 type=1 insize=6697 outsize=9131 kw=SPOT ok=1
Cmd: compileSnippet
  api=1 type=0 insize=9655 outsize=1053 kw=DIRECTIONAL SHADOWS_OFF LIGHTMAP_OFF DIRLIGHTMAP_OFF DYNAMICLIGHTMAP_OFF ok=1
Cmd: compileSnippet
  api=0 type=0 insize=9655 outsize=8569 kw=DIRECTIONAL SHADOWS_OFF LIGHTMAP_OFF DIRLIGHTMAP_OFF DYNAMICLIGHTMAP_OFF VERTEXLIGHT_ON ok=1
Cmd: compileSnippet
  api=1 type=1 insize=9655 outsize=4212 kw=DIRECTIONAL SHADOWS_OFF LIGHTMAP_OFF DIRLIGHTMAP_OFF DYNAMICLIGHTMAP_OFF ok=1
Cmd: compileSnippet
  api=0 type=0 insize=6950 outsize=6614 kw=DIRECTIONAL ok=1
Cmd: compileSnippet
  api=0 type=0 insize=6950 outsize=6614 kw=DIRECTIONAL_COOKIE ok=1
Cmd: compileSnippet
  api=1 type=1 insize=6950 outsize=4159 kw=DIRECTIONAL ok=1
Cmd: compileSnippet
  api=4 type=1 insize=6950 outsize=10008 kw=POINT_COOKIE ok=1
Cmd: compileSnippet
  api=1 type=0 insize=9462 outsize=1282 kw=DIRECTIONAL SHADOWS_SCREEN LIGHTMAP_OFF DIRLIGHTMAP_OFF DYNAMICLIGHTMAP_OFF ok=1
Cmd: compileSnippet
  api=0 type=0 insize=9462 outsize=6773 kw=DIRECTIONAL SHADOWS_OFF LIGHTMAP_OFF DIRLIGHTMAP_OFF DYNAMICLIGHTMAP_OFF VERTEXLIGHT_ON ok=1
Cmd: compileSnippet
  api=1 type=1 insize=9462 outsize=1669 kw=DIRECTIONAL SHADOWS_OFF LIGHTMAP_OFF DIRLIGHTMAP_OFF DYNAMICLIGHTMAP_OFF ok=1
Cmd: compileSnippet
  api=0 type=0 insize=6703 outsize=4819 kw=DIRECTIONAL ok=1
Cmd: compileSnippet
  api=4 type=0 insize=6703 outsize=4191 kw=POINT_COOKIE ok=1
Cmd: compileSnippet
  api=1 type=0 insize=6703 outsize=899 kw=DIRECTIONAL_COOKIE ok=1
Cmd: compileSnippet
  api=1 type=1 insize=6703 outsize=1838 kw=POINT ok=1
Cmd: compileSnippet
  api=0 type=1 insize=6703 outsize=6 kw=SPOT ok=1
Cmd: compileSnippet
  api=4 type=1 insize=6703 outsize=6230 kw=SPOT ok=1
Cmd: compileSnippet
  api=1 type=1 insize=6703 outsize=1787 kw=DIRECTIONAL_COOKIE ok=1
Unhandled exception: Readfile from pipe failed. GLE=管道已结束。


Quitting shader compiler process

Crashed!
