Base path: D:/develop/tools/Unity/Editor/Data
Pipe name: \\.\pipe\UnityShaderCompiler-64bit-1-8796
Cmd: getPlatforms
Cmd: preprocess
  insize=995 outsize=1278 ok=1
Cmd: preprocess
  insize=3274 outsize=1459 ok=1
Cmd: compileSnippet
  api=4 type=0 insize=9402 outsize=4995 kw=DIRECTIONAL SHADOWS_OFF LIGHTMAP_OFF DIRLIGHTMAP_OFF DYNAMICLIGHTMAP_OFF ok=1
Cmd: compileSnippet
  api=4 type=1 insize=9402 outsize=9253 kw=DIRECTIONAL SHADOWS_OFF LIGHTMAP_OFF DIRLIGHTMAP_OFF DYNAMICLIGHTMAP_OFF ok=1
Cmd: compileSnippet
  api=4 type=0 insize=6697 outsize=3939 kw=POINT ok=1
Cmd: compileSnippet
  api=4 type=1 insize=6697 outsize=9131 kw=POINT ok=1
Cmd: compileSnippet
  api=4 type=0 insize=5859 outsize=4150 kw= ok=1
Cmd: compileSnippet
  api=4 type=1 insize=5859 outsize=1477 kw= ok=1
Cmd: preprocess
  insize=3747 outsize=1687 ok=1
Cmd: compileSnippet
  api=4 type=0 insize=9648 outsize=4995 kw=DIRECTIONAL SHADOWS_OFF LIGHTMAP_OFF DIRLIGHTMAP_OFF DYNAMICLIGHTMAP_OFF ok=1
Cmd: compileSnippet
  api=4 type=1 insize=9648 outsize=10203 kw=DIRECTIONAL SHADOWS_OFF LIGHTMAP_OFF DIRLIGHTMAP_OFF DYNAMICLIGHTMAP_OFF ok=1
Cmd: compileSnippet
  api=4 type=0 insize=6943 outsize=3939 kw=POINT ok=1
Cmd: compileSnippet
  api=4 type=1 insize=6943 outsize=10008 kw=POINT ok=1
Cmd: compileSnippet
  api=4 type=0 insize=6105 outsize=4150 kw= ok=1
Cmd: compileSnippet
  api=4 type=1 insize=6105 outsize=1477 kw= ok=1
Cmd: preprocess
  insize=3746 outsize=1686 ok=1
Cmd: compileSnippet
  api=4 type=0 insize=6943 outsize=3939 kw=DIRECTIONAL ok=1
Cmd: compileSnippet
  api=4 type=1 insize=6943 outsize=9960 kw=DIRECTIONAL ok=1
Cmd: preprocess
  insize=3906 outsize=1685 ok=1
Cmd: compileSnippet
  api=4 type=0 insize=9808 outsize=4995 kw=DIRECTIONAL SHADOWS_OFF LIGHTMAP_OFF DIRLIGHTMAP_OFF DYNAMICLIGHTMAP_OFF ok=1
Cmd: compileSnippet
  api=4 type=1 insize=9808 outsize=9895 kw=DIRECTIONAL SHADOWS_OFF LIGHTMAP_OFF DIRLIGHTMAP_OFF DYNAMICLIGHTMAP_OFF ok=1
Cmd: compileSnippet
  api=4 type=0 insize=7103 outsize=3939 kw=POINT ok=1
Cmd: compileSnippet
  api=4 type=1 insize=7103 outsize=9700 kw=POINT ok=1
Cmd: compileSnippet
  api=4 type=0 insize=6265 outsize=4150 kw= ok=1
Cmd: compileSnippet
  api=4 type=1 insize=6265 outsize=1477 kw= ok=1
Cmd: compileSnippet
  api=4 type=0 insize=7103 outsize=3939 kw=DIRECTIONAL ok=1
Cmd: compileSnippet
  api=4 type=1 insize=7103 outsize=9651 kw=DIRECTIONAL ok=1
Cmd: compileSnippet
  api=4 type=0 insize=9808 outsize=5385 kw=DIRECTIONAL SHADOWS_SCREEN LIGHTMAP_OFF DIRLIGHTMAP_OFF DYNAMICLIGHTMAP_OFF ok=1
Cmd: compileSnippet
  api=4 type=1 insize=9808 outsize=9943 kw=DIRECTIONAL SHADOWS_SCREEN LIGHTMAP_OFF DIRLIGHTMAP_OFF DYNAMICLIGHTMAP_OFF ok=1
Cmd: preprocess
  insize=3397 outsize=1426 ok=1
Cmd: compileSnippet
  api=4 type=0 insize=9558 outsize=4995 kw=DIRECTIONAL SHADOWS_OFF LIGHTMAP_OFF DIRLIGHTMAP_OFF DYNAMICLIGHTMAP_OFF ok=1
Cmd: compileSnippet
  api=4 type=1 insize=9558 outsize=9009 kw=DIRECTIONAL SHADOWS_OFF LIGHTMAP_OFF DIRLIGHTMAP_OFF DYNAMICLIGHTMAP_OFF ok=1
Cmd: compileSnippet
  api=4 type=0 insize=6853 outsize=3939 kw=POINT ok=1
Cmd: compileSnippet
  api=4 type=1 insize=6853 outsize=8887 kw=POINT ok=1
Cmd: compileSnippet
  api=4 type=0 insize=6015 outsize=4150 kw= ok=1
Cmd: compileSnippet
  api=4 type=1 insize=6015 outsize=1477 kw= ok=1
Cmd: compileSnippet
  api=4 type=0 insize=9558 outsize=5385 kw=DIRECTIONAL SHADOWS_SCREEN LIGHTMAP_OFF DIRLIGHTMAP_OFF DYNAMICLIGHTMAP_OFF ok=1
Cmd: compileSnippet
  api=4 type=1 insize=9558 outsize=9058 kw=DIRECTIONAL SHADOWS_SCREEN LIGHTMAP_OFF DIRLIGHTMAP_OFF DYNAMICLIGHTMAP_OFF ok=1
Cmd: compileSnippet
  api=4 type=0 insize=6853 outsize=3939 kw=DIRECTIONAL ok=1
Cmd: compileSnippet
  api=4 type=1 insize=6853 outsize=8838 kw=DIRECTIONAL ok=1
Cmd: preprocess
  insize=3241 outsize=1426 ok=1
Cmd: preprocess
  insize=3397 outsize=1426 ok=1
Cmd: preprocess
  insize=3241 outsize=1426 ok=1
Cmd: preprocess
  insize=3397 outsize=1426 ok=1
Cmd: preprocess
  insize=3241 outsize=1426 ok=1
Cmd: preprocess
  insize=3753 outsize=1684 ok=1
Cmd: compileSnippet
  api=4 type=0 insize=9655 outsize=4995 kw=DIRECTIONAL SHADOWS_OFF LIGHTMAP_OFF DIRLIGHTMAP_OFF DYNAMICLIGHTMAP_OFF ok=1
Cmd: compileSnippet
  api=4 type=1 insize=9655 outsize=10203 kw=DIRECTIONAL SHADOWS_OFF LIGHTMAP_OFF DIRLIGHTMAP_OFF DYNAMICLIGHTMAP_OFF ok=1
Cmd: compileSnippet
  api=4 type=0 insize=6950 outsize=3939 kw=POINT ok=1
Cmd: compileSnippet
  api=4 type=1 insize=6950 outsize=10008 kw=POINT ok=1
Cmd: compileSnippet
  api=4 type=0 insize=6112 outsize=4150 kw= ok=1
Cmd: compileSnippet
  api=4 type=1 insize=6112 outsize=1477 kw= ok=1
Cmd: compileSnippet
  api=4 type=0 insize=9655 outsize=5385 kw=DIRECTIONAL SHADOWS_SCREEN LIGHTMAP_OFF DIRLIGHTMAP_OFF DYNAMICLIGHTMAP_OFF ok=1
Cmd: compileSnippet
  api=4 type=1 insize=9655 outsize=10252 kw=DIRECTIONAL SHADOWS_SCREEN LIGHTMAP_OFF DIRLIGHTMAP_OFF DYNAMICLIGHTMAP_OFF ok=1
Cmd: compileSnippet
  api=4 type=0 insize=6950 outsize=3939 kw=DIRECTIONAL ok=1
Cmd: compileSnippet
  api=4 type=1 insize=6950 outsize=9960 kw=DIRECTIONAL ok=1
Cmd: preprocess
  insize=3749 outsize=1680 ok=1
Cmd: preprocess
  insize=3753 outsize=1684 ok=1
Cmd: preprocess
  insize=3749 outsize=1680 ok=1
Cmd: preprocess
  insize=3749 outsize=1680 ok=1
Cmd: preprocess
  insize=3749 outsize=1680 ok=1
Cmd: preprocess
  insize=3749 outsize=1680 ok=1
